Release 14.6 - xst P.68d (nt64)
Copyright (c) 1995-2013 Xilinx, Inc.  All rights reserved.
--> Parameter TMPDIR set to xst/projnav.tmp


Total REAL time to Xst completion: 0.00 secs
Total CPU time to Xst completion: 0.08 secs
 
--> Parameter xsthdpdir set to xst


Total REAL time to Xst completion: 0.00 secs
Total CPU time to Xst completion: 0.09 secs
 
--> Reading design: counter.prj

TABLE OF CONTENTS
  1) Synthesis Options Summary
  2) HDL Compilation
  3) Design Hierarchy Analysis
  4) HDL Analysis
  5) HDL Synthesis
     5.1) HDL Synthesis Report
  6) Advanced HDL Synthesis
     6.1) Advanced HDL Synthesis Report
  7) Low Level Synthesis
  8) Partition Report
  9) Final Report
	9.1) Device utilization summary
	9.2) Partition Resource Summary
	9.3) TIMING REPORT


=========================================================================
*                      Synthesis Options Summary                        *
=========================================================================
---- Source Parameters
Input File Name                    : "counter.prj"
Input Format                       : mixed
Ignore Synthesis Constraint File   : NO

---- Target Parameters
Output File Name                   : "counter"
Output Format                      : NGC
Target Device                      : xc5vlx50t-1-ff1136

---- Source Options
Top Module Name                    : counter
Automatic FSM Extraction           : YES
FSM Encoding Algorithm             : Auto
Safe Implementation                : No
FSM Style                          : LUT
RAM Extraction                     : Yes
RAM Style                          : Auto
ROM Extraction                     : Yes
Mux Style                          : Auto
Decoder Extraction                 : YES
Priority Encoder Extraction        : Yes
Shift Register Extraction          : YES
Logical Shifter Extraction         : YES
XOR Collapsing                     : YES
ROM Style                          : Auto
Mux Extraction                     : Yes
Resource Sharing                   : YES
Asynchronous To Synchronous        : NO
Use DSP Block                      : Auto
Automatic Register Balancing       : No

---- Target Options
LUT Combining                      : Off
Reduce Control Sets                : Off
Add IO Buffers                     : YES
Global Maximum Fanout              : 100000
Add Generic Clock Buffer(BUFG)     : 32
Register Duplication               : YES
Slice Packing                      : YES
Optimize Instantiated Primitives   : NO
Use Clock Enable                   : Auto
Use Synchronous Set                : Auto
Use Synchronous Reset              : Auto
Pack IO Registers into IOBs        : Auto
Equivalent register Removal        : YES

---- General Options
Optimization Goal                  : Speed
Optimization Effort                : 1
Power Reduction                    : NO
Keep Hierarchy                     : No
Netlist Hierarchy                  : As_Optimized
RTL Output                         : Yes
Global Optimization                : AllClockNets
Read Cores                         : YES
Write Timing Constraints           : NO
Cross Clock Analysis               : NO
Hierarchy Separator                : /
Bus Delimiter                      : <>
Case Specifier                     : Maintain
Slice Utilization Ratio            : 100
BRAM Utilization Ratio             : 100
DSP48 Utilization Ratio            : 100
Verilog 2001                       : YES
Auto BRAM Packing                  : NO
Slice Utilization Ratio Delta      : 5

=========================================================================


=========================================================================
*                          HDL Compilation                              *
=========================================================================
Compiling verilog file "counter.v" in library work
Module <counter> compiled
No errors in compilation
Analysis of file <"counter.prj"> succeeded.
 

=========================================================================
*                     Design Hierarchy Analysis                         *
=========================================================================
Analyzing hierarchy for module <counter> in library <work>.


=========================================================================
*                            HDL Analysis                               *
=========================================================================
Analyzing top module <counter>.
WARNING:Xst:916 - "counter.v" line 49: Delay is ignored for synthesis.
WARNING:Xst:916 - "counter.v" line 50: Delay is ignored for synthesis.
WARNING:Xst:916 - "counter.v" line 54: Delay is ignored for synthesis.
WARNING:Xst:916 - "counter.v" line 57: Delay is ignored for synthesis.
Module <counter> is correct for synthesis.
 

=========================================================================
*                           HDL Synthesis                               *
=========================================================================

Performing bidirectional port resolution...

Synthesizing Unit <counter>.
    Related source file is "counter.v".
WARNING:Xst:647 - Input <enable> is never used. This port will be preserved and left unconnected if it belongs to a top-level block or it belongs to a sub-block and the hierarchy of this sub-block is preserved.
    Found 4-bit up counter for signal <counter_out>.
    Found 26-bit up counter for signal <clock_counter>.
    Summary:
	inferred   2 Counter(s).
Unit <counter> synthesized.


=========================================================================
HDL Synthesis Report

Macro Statistics
# Counters                                             : 2
 26-bit up counter                                     : 1
 4-bit up counter                                      : 1

=========================================================================

=========================================================================
*                       Advanced HDL Synthesis                          *
=========================================================================


=========================================================================
Advanced HDL Synthesis Report

Macro Statistics
# Counters                                             : 2
 26-bit up counter                                     : 1
 4-bit up counter                                      : 1

=========================================================================

=========================================================================
*                         Low Level Synthesis                           *
=========================================================================

Optimizing unit <counter> ...

Mapping all equations...
Building and optimizing final netlist ...
Found area constraint ratio of 100 (+ 5) on block counter, actual ratio is 0.

Final Macro Processing ...

=========================================================================
Final Register Report

Macro Statistics
# Registers                                            : 30
 Flip-Flops                                            : 30

=========================================================================

=========================================================================
*                           Partition Report                            *
=========================================================================

Partition Implementation Status
-------------------------------

  No Partitions were found in this design.

-------------------------------

=========================================================================
*                            Final Report                               *
=========================================================================
Final Results
RTL Top Level Output File Name     : counter.ngr
Top Level Output File Name         : counter
Output Format                      : NGC
Optimization Goal                  : Speed
Keep Hierarchy                     : No

Design Statistics
# IOs                              : 7

Cell Usage :
# BELS                             : 88
#      GND                         : 1
#      INV                         : 2
#      LUT1                        : 25
#      LUT2                        : 1
#      LUT3                        : 1
#      LUT4                        : 1
#      LUT6                        : 5
#      MUXCY                       : 25
#      VCC                         : 1
#      XORCY                       : 26
# FlipFlops/Latches                : 30
#      FDR                         : 26
#      FDRE                        : 4
# Clock Buffers                    : 1
#      BUFGP                       : 1
# IO Buffers                       : 5
#      IBUF                        : 1
#      OBUF                        : 4
=========================================================================

Device utilization summary:
---------------------------

Selected Device : 5vlx50tff1136-1 


Slice Logic Utilization: 
 Number of Slice Registers:              30  out of  28800     0%  
 Number of Slice LUTs:                   35  out of  28800     0%  
    Number used as Logic:                35  out of  28800     0%  

Slice Logic Distribution: 
 Number of LUT Flip Flop pairs used:     35
   Number with an unused Flip Flop:       5  out of     35    14%  
   Number with an unused LUT:             0  out of     35     0%  
   Number of fully used LUT-FF pairs:    30  out of     35    85%  
   Number of unique control sets:         2

IO Utilization: 
 Number of IOs:                           7
 Number of bonded IOBs:                   6  out of    480     1%  

Specific Feature Utilization:
 Number of BUFG/BUFGCTRLs:                1  out of     32     3%  

---------------------------
Partition Resource Summary:
---------------------------

  No Partitions were found in this design.

---------------------------


=========================================================================
TIMING REPORT

NOTE: THESE TIMING NUMBERS ARE ONLY A SYNTHESIS ESTIMATE.
      FOR ACCURATE TIMING INFORMATION PLEASE REFER TO THE TRACE REPORT
      GENERATED AFTER PLACE-and-ROUTE.

Clock Information:
------------------
-----------------------------------+------------------------+-------+
Clock Signal                       | Clock buffer(FF name)  | Load  |
-----------------------------------+------------------------+-------+
clock                              | BUFGP                  | 30    |
-----------------------------------+------------------------+-------+

Asynchronous Control Signals Information:
----------------------------------------
No asynchronous control signals found in this design

Timing Summary:
---------------
Speed Grade: -1

   Minimum period: 3.087ns (Maximum Frequency: 323.939MHz)
   Minimum input arrival time before clock: 1.854ns
   Maximum output required time after clock: 3.281ns
   Maximum combinational path delay: No path found

Timing Detail:
--------------
All values displayed in nanoseconds (ns)

=========================================================================
Timing constraint: Default period analysis for Clock 'clock'
  Clock period: 3.087ns (frequency: 323.939MHz)
  Total number of paths / destination ports: 465 / 34
-------------------------------------------------------------------------
Delay:               3.087ns (Levels of Logic = 2)
  Source:            clock_counter_7 (FF)
  Destination:       counter_out_0 (FF)
  Source Clock:      clock rising
  Destination Clock: clock rising

  Data Path: clock_counter_7 to counter_out_0
                                Gate     Net
    Cell:in->out      fanout   Delay   Delay  Logical Name (Net Name)
    ----------------------------------------  ------------
     FDR:C->Q              2   0.471   1.074  clock_counter_7 (clock_counter_7)
     LUT6:I0->O            1   0.094   0.789  counter_out_not0001_inv205_SW0 (N01)
     LUT6:I2->O            4   0.094   0.352  counter_out_not0001_inv205 (counter_out_not0001_inv)
     FDRE:CE                   0.213          counter_out_0
    ----------------------------------------
    Total                      3.087ns (0.872ns logic, 2.215ns route)
                                       (28.2% logic, 71.8% route)

=========================================================================
Timing constraint: Default OFFSET IN BEFORE for Clock 'clock'
  Total number of paths / destination ports: 30 / 30
-------------------------------------------------------------------------
Offset:              1.854ns (Levels of Logic = 1)
  Source:            reset (PAD)
  Destination:       counter_out_0 (FF)
  Destination Clock: clock rising

  Data Path: reset to counter_out_0
                                Gate     Net
    Cell:in->out      fanout   Delay   Delay  Logical Name (Net Name)
    ----------------------------------------  ------------
     IBUF:I->O            30   0.818   0.463  reset_IBUF (reset_IBUF)
     FDRE:R                    0.573          counter_out_0
    ----------------------------------------
    Total                      1.854ns (1.391ns logic, 0.463ns route)
                                       (75.0% logic, 25.0% route)

=========================================================================
Timing constraint: Default OFFSET OUT AFTER for Clock 'clock'
  Total number of paths / destination ports: 4 / 4
-------------------------------------------------------------------------
Offset:              3.281ns (Levels of Logic = 1)
  Source:            counter_out_0 (FF)
  Destination:       counter_out<0> (PAD)
  Source Clock:      clock rising

  Data Path: counter_out_0 to counter_out<0>
                                Gate     Net
    Cell:in->out      fanout   Delay   Delay  Logical Name (Net Name)
    ----------------------------------------  ------------
     FDRE:C->Q             5   0.471   0.358  counter_out_0 (counter_out_0)
     OBUF:I->O                 2.452          counter_out_0_OBUF (counter_out<0>)
    ----------------------------------------
    Total                      3.281ns (2.923ns logic, 0.358ns route)
                                       (89.1% logic, 10.9% route)

=========================================================================


Total REAL time to Xst completion: 5.00 secs
Total CPU time to Xst completion: 5.06 secs
 
--> 

Total memory usage is 287376 kilobytes

Number of errors   :    0 (   0 filtered)
Number of warnings :    5 (   0 filtered)
Number of infos    :    0 (   0 filtered)

